<?xml version="1.0" encoding="UTF-8"?>
<!-- Generated by org.testng.reporters.JUnitXMLReporter -->
<testsuite ignored="0" hostname="LAPTOP-L7CIVKP3" failures="0" tests="14" name="Default test" time="9.738" errors="0" timestamp="2026-05-28T23:04:38 IST">
  <testcase classname="rest.UserAPITest" name="getUsers" time="1.779"/>
  <testcase classname="rest.UserAPITest" name="loginUser" time="1.28"/>
  <testcase classname="rest.UserAPITest" name="getAuthenticatedUser" time="1.59"/>
  <testcase classname="rest.UserAPITest" name="getSingleUser" time="0.467"/>
  <testcase classname="rest.UserAPITest" name="searchUsers" time="0.438"/>
  <testcase classname="rest.UserAPITest" name="filterUsers" time="0.526"/>
  <testcase classname="rest.UserAPITest" name="limitAndSKipUsers" time="0.448"/>
  <testcase classname="rest.UserAPITest" name="sortUsers" time="0.471"/>
  <testcase classname="rest.UserAPITest" name="getUsersCartById" time="0.438"/>
  <testcase classname="rest.UserAPITest" name="getUsersPostsById" time="0.465"/>
  <testcase classname="rest.UserAPITest" name="getUsersTodosById" time="0.428"/>
  <testcase classname="rest.UserAPITest" name="addNewUser" time="0.526"/>
  <testcase classname="rest.UserAPITest" name="updateUser" time="0.411"/>
  <testcase classname="rest.UserAPITest" name="deleteUser" time="0.425"/>
</testsuite> <!-- Default test -->
