<?xml version="1.0" encoding="UTF-8"?>
<!-- Generated by org.testng.reporters.JUnitXMLReporter -->
<testsuite ignored="13" hostname="LAPTOP-L7CIVKP3" failures="0" tests="1" name="Default test" time="2.333" errors="0" timestamp="2026-06-01T01:05:16 IST">
  <testcase classname="rest.UserAPITest" name="updateUser" time="2.311"/>
  <testcase classname="rest.UserAPITest" name="getUsers" time="0.0">
    <ignored/>
  </testcase> <!-- getUsers -->
  <testcase classname="rest.UserAPITest" name="addNewUser" time="0.0">
    <ignored/>
  </testcase> <!-- addNewUser -->
  <testcase classname="rest.UserAPITest" name="filterUsers" time="0.0">
    <ignored/>
  </testcase> <!-- filterUsers -->
  <testcase classname="rest.UserAPITest" name="limitAndSKipUsers" time="0.0">
    <ignored/>
  </testcase> <!-- limitAndSKipUsers -->
  <testcase classname="rest.UserAPITest" name="deleteUser" time="0.0">
    <ignored/>
  </testcase> <!-- deleteUser -->
  <testcase classname="rest.UserAPITest" name="getUsersCartById" time="0.0">
    <ignored/>
  </testcase> <!-- getUsersCartById -->
  <testcase classname="rest.UserAPITest" name="loginUser" time="0.0">
    <ignored/>
  </testcase> <!-- loginUser -->
  <testcase classname="rest.UserAPITest" name="sortUsers" time="0.0">
    <ignored/>
  </testcase> <!-- sortUsers -->
  <testcase classname="rest.UserAPITest" name="getUsersTodosById" time="0.0">
    <ignored/>
  </testcase> <!-- getUsersTodosById -->
  <testcase classname="rest.UserAPITest" name="getUsersPostsById" time="0.0">
    <ignored/>
  </testcase> <!-- getUsersPostsById -->
  <testcase classname="rest.UserAPITest" name="searchUsers" time="0.0">
    <ignored/>
  </testcase> <!-- searchUsers -->
  <testcase classname="rest.UserAPITest" name="getSingleUser" time="0.0">
    <ignored/>
  </testcase> <!-- getSingleUser -->
  <testcase classname="rest.UserAPITest" name="getAuthenticatedUser" time="0.0">
    <ignored/>
  </testcase> <!-- getAuthenticatedUser -->
</testsuite> <!-- Default test -->
