<?xml version="1.0" encoding="UTF-8"?>
<!-- Generated by org.testng.reporters.JUnitXMLReporter -->
<testsuite ignored="0" hostname="LAPTOP-L7CIVKP3" failures="0" tests="3" name="EdgeTest" time="26.05" errors="0" timestamp="2026-05-23T18:10:34 IST">
  <testcase classname="com.sdet.day27.CrossBrowserGrid" name="verifyLoginPageTitle" time="0.028"/>
  <testcase classname="com.sdet.day27.CrossBrowserGrid" name="loginTest" time="0.69"/>
  <testcase classname="com.sdet.day27.CrossBrowserGrid" name="verifyProductPage" time="0.086"/>
</testsuite> <!-- EdgeTest -->
