<?xml version="1.0" encoding="UTF-8"?>
<testng-results ignored="0" total="14" passed="14" failed="0" skipped="0">
  <reporter-output>
  </reporter-output>
  <suite started-at="2026-05-28T23:04:28 IST" name="Default suite" finished-at="2026-05-28T23:04:38 IST" duration-ms="9738">
    <groups>
    </groups>
    <test started-at="2026-05-28T23:04:28 IST" name="Default test" finished-at="2026-05-28T23:04:38 IST" duration-ms="9738">
      <class name="rest.UserAPITest">
        <test-method is-config="true" signature="setupReport()[pri:0, instance:rest.UserAPITest@702657cc]" started-at="2026-05-28T23:04:28 IST" name="setupReport" finished-at="2026-05-28T23:04:28 IST" duration-ms="195" status="PASS">
          <reporter-output>
          </reporter-output>
        </test-method> <!-- setupReport -->
        <test-method signature="getUsers()[pri:1, instance:rest.UserAPITest@702657cc]" started-at="2026-05-28T23:04:28 IST" name="getUsers" finished-at="2026-05-28T23:04:30 IST" duration-ms="1779" status="PASS">
          <reporter-output>
          </reporter-output>
        </test-method> <!-- getUsers -->
        <test-method signature="loginUser()[pri:2, instance:rest.UserAPITest@702657cc]" started-at="2026-05-28T23:04:30 IST" name="loginUser" finished-at="2026-05-28T23:04:31 IST" duration-ms="1280" status="PASS">
          <reporter-output>
          </reporter-output>
        </test-method> <!-- loginUser -->
        <test-method signature="getAuthenticatedUser()[pri:3, instance:rest.UserAPITest@702657cc]" started-at="2026-05-28T23:04:31 IST" name="getAuthenticatedUser" finished-at="2026-05-28T23:04:33 IST" duration-ms="1590" status="PASS">
          <reporter-output>
          </reporter-output>
        </test-method> <!-- getAuthenticatedUser -->
        <test-method signature="getSingleUser()[pri:4, instance:rest.UserAPITest@702657cc]" started-at="2026-05-28T23:04:33 IST" name="getSingleUser" finished-at="2026-05-28T23:04:33 IST" duration-ms="467" status="PASS">
          <reporter-output>
          </reporter-output>
        </test-method> <!-- getSingleUser -->
        <test-method signature="searchUsers()[pri:5, instance:rest.UserAPITest@702657cc]" started-at="2026-05-28T23:04:33 IST" name="searchUsers" finished-at="2026-05-28T23:04:34 IST" duration-ms="438" status="PASS">
          <reporter-output>
          </reporter-output>
        </test-method> <!-- searchUsers -->
        <test-method signature="filterUsers()[pri:6, instance:rest.UserAPITest@702657cc]" started-at="2026-05-28T23:04:34 IST" name="filterUsers" finished-at="2026-05-28T23:04:34 IST" duration-ms="526" status="PASS">
          <reporter-output>
          </reporter-output>
        </test-method> <!-- filterUsers -->
        <test-method signature="limitAndSKipUsers()[pri:7, instance:rest.UserAPITest@702657cc]" started-at="2026-05-28T23:04:34 IST" name="limitAndSKipUsers" finished-at="2026-05-28T23:04:35 IST" duration-ms="448" status="PASS">
          <reporter-output>
          </reporter-output>
        </test-method> <!-- limitAndSKipUsers -->
        <test-method signature="sortUsers()[pri:8, instance:rest.UserAPITest@702657cc]" started-at="2026-05-28T23:04:35 IST" name="sortUsers" finished-at="2026-05-28T23:04:35 IST" duration-ms="471" status="PASS">
          <reporter-output>
          </reporter-output>
        </test-method> <!-- sortUsers -->
        <test-method signature="getUsersCartById()[pri:9, instance:rest.UserAPITest@702657cc]" started-at="2026-05-28T23:04:35 IST" name="getUsersCartById" finished-at="2026-05-28T23:04:36 IST" duration-ms="438" status="PASS">
          <reporter-output>
          </reporter-output>
        </test-method> <!-- getUsersCartById -->
        <test-method signature="getUsersPostsById()[pri:10, instance:rest.UserAPITest@702657cc]" started-at="2026-05-28T23:04:36 IST" name="getUsersPostsById" finished-at="2026-05-28T23:04:36 IST" duration-ms="465" status="PASS">
          <reporter-output>
          </reporter-output>
        </test-method> <!-- getUsersPostsById -->
        <test-method signature="getUsersTodosById()[pri:11, instance:rest.UserAPITest@702657cc]" started-at="2026-05-28T23:04:36 IST" name="getUsersTodosById" finished-at="2026-05-28T23:04:36 IST" duration-ms="428" status="PASS">
          <reporter-output>
          </reporter-output>
        </test-method> <!-- getUsersTodosById -->
        <test-method signature="addNewUser()[pri:12, instance:rest.UserAPITest@702657cc]" started-at="2026-05-28T23:04:36 IST" name="addNewUser" finished-at="2026-05-28T23:04:37 IST" duration-ms="526" status="PASS">
          <reporter-output>
          </reporter-output>
        </test-method> <!-- addNewUser -->
        <test-method signature="updateUser()[pri:13, instance:rest.UserAPITest@702657cc]" started-at="2026-05-28T23:04:37 IST" name="updateUser" finished-at="2026-05-28T23:04:37 IST" duration-ms="411" status="PASS">
          <reporter-output>
          </reporter-output>
        </test-method> <!-- updateUser -->
        <test-method signature="deleteUser()[pri:14, instance:rest.UserAPITest@702657cc]" started-at="2026-05-28T23:04:37 IST" name="deleteUser" finished-at="2026-05-28T23:04:38 IST" duration-ms="425" status="PASS">
          <reporter-output>
          </reporter-output>
        </test-method> <!-- deleteUser -->
        <test-method is-config="true" signature="tearDownReport()[pri:0, instance:rest.UserAPITest@702657cc]" started-at="2026-05-28T23:04:38 IST" name="tearDownReport" finished-at="2026-05-28T23:04:38 IST" duration-ms="168" status="PASS">
          <reporter-output>
          </reporter-output>
        </test-method> <!-- tearDownReport -->
      </class> <!-- rest.UserAPITest -->
    </test> <!-- Default test -->
  </suite> <!-- Default suite -->
</testng-results>
