<?xml version="1.0" encoding="UTF-8"?>
<testng-results ignored="13" total="14" passed="1" failed="0" skipped="0">
  <reporter-output>
  </reporter-output>
  <suite started-at="2026-06-01T01:05:13 IST" name="Default suite" finished-at="2026-06-01T01:05:16 IST" duration-ms="2333">
    <groups>
    </groups>
    <test started-at="2026-06-01T01:05:13 IST" name="Default test" finished-at="2026-06-01T01:05:16 IST" duration-ms="2333">
      <class name="rest.UserAPITest">
        <test-method is-config="true" signature="setupReport()[pri:0, instance:rest.UserAPITest@22ff4249]" started-at="2026-06-01T01:05:13 IST" name="setupReport" finished-at="2026-06-01T01:05:13 IST" duration-ms="145" status="PASS">
          <reporter-output>
          </reporter-output>
        </test-method> <!-- setupReport -->
        <test-method signature="updateUser()[pri:13, instance:rest.UserAPITest@22ff4249]" started-at="2026-06-01T01:05:13 IST" name="updateUser" finished-at="2026-06-01T01:05:16 IST" duration-ms="2311" status="PASS">
          <reporter-output>
          </reporter-output>
        </test-method> <!-- updateUser -->
        <test-method is-config="true" signature="tearDownReport()[pri:0, instance:rest.UserAPITest@22ff4249]" started-at="2026-06-01T01:05:16 IST" name="tearDownReport" finished-at="2026-06-01T01:05:16 IST" duration-ms="156" status="PASS">
          <reporter-output>
          </reporter-output>
        </test-method> <!-- tearDownReport -->
      </class> <!-- rest.UserAPITest -->
    </test> <!-- Default test -->
  </suite> <!-- Default suite -->
</testng-results>
