<?xml version="1.0" encoding="UTF-8"?>
<!-- Generated by org.testng.reporters.JUnitXMLReporter -->
<testsuite ignored="0" hostname="LAPTOP-L7CIVKP3" failures="0" tests="3" name="ChromeTest" time="8.079" errors="0" timestamp="2026-05-31T02:01:08 IST">
  <testcase classname="com.sdet.day27.CrossBrowserTesting" name="verigyLoginPageTitle" time="0.548"/>
  <testcase classname="com.sdet.day27.CrossBrowserTesting" name="loginTest" time="0.22"/>
  <testcase classname="com.sdet.day27.CrossBrowserTesting" name="verifyProductPage" time="0.02"/>
</testsuite> <!-- ChromeTest -->
