<?xml version="1.0" encoding="UTF-8"?>
<!-- Generated by org.testng.reporters.JUnitXMLReporter -->
<testsuite ignored="0" hostname="LAPTOP-L7CIVKP3" failures="0" tests="3" name="EdgeTest" time="2.773" errors="0" timestamp="2026-05-31T02:01:02 IST">
  <testcase classname="com.sdet.day27.CrossBrowserTesting" name="verigyLoginPageTitle" time="0.004"/>
  <testcase classname="com.sdet.day27.CrossBrowserTesting" name="loginTest" time="0.267"/>
  <testcase classname="com.sdet.day27.CrossBrowserTesting" name="verifyProductPage" time="0.026"/>
</testsuite> <!-- EdgeTest -->
