<?xml version="1.0" encoding="UTF-8"?>
<!-- Generated by org.testng.reporters.JUnitReportReporter -->
<testsuite hostname="LAPTOP-L7CIVKP3" failures="0" tests="6" name="com.sdet.day27.CrossBrowserTesting" time="1.085" errors="0" timestamp="2026-05-31T02:01:08 IST" skipped="0">
  <testcase classname="com.sdet.day27.CrossBrowserTesting" name="verigyLoginPageTitle" time="0.548"/>
  <testcase classname="com.sdet.day27.CrossBrowserTesting" name="verigyLoginPageTitle" time="0.004"/>
  <testcase classname="com.sdet.day27.CrossBrowserTesting" name="loginTest" time="0.267"/>
  <testcase classname="com.sdet.day27.CrossBrowserTesting" name="loginTest" time="0.220"/>
  <testcase classname="com.sdet.day27.CrossBrowserTesting" name="verifyProductPage" time="0.020"/>
  <testcase classname="com.sdet.day27.CrossBrowserTesting" name="verifyProductPage" time="0.026"/>
</testsuite> <!-- com.sdet.day27.CrossBrowserTesting -->
