<?xml version="1.0" encoding="UTF-8"?>
<!-- Generated by org.testng.reporters.JUnitReportReporter -->
<testsuite hostname="LAPTOP-L7CIVKP3" failures="0" tests="3" name="com.sdet.LoginTest" time="7.157" errors="0" timestamp="2026-05-31T01:42:28 IST" skipped="0">
  <testcase classname="com.sdet.LoginTest" name="verigyLoginPageTitle" time="2.801"/>
  <testcase classname="com.sdet.LoginTest" name="loginTest" time="2.457"/>
  <testcase classname="com.sdet.LoginTest" name="verifyProductPage" time="1.899"/>
</testsuite> <!-- com.sdet.LoginTest -->
