<?xml version="1.0" encoding="UTF-8"?>
<testng-results ignored="0" total="3" passed="3" failed="0" skipped="0">
  <reporter-output>
  </reporter-output>
  <suite started-at="2026-05-30T16:20:06 IST" name="Suite" finished-at="2026-05-30T16:20:12 IST" duration-ms="6780">
    <groups>
    </groups>
    <test started-at="2026-05-30T16:20:06 IST" name="Test" finished-at="2026-05-30T16:20:12 IST" duration-ms="6780">
      <class name="com.sdet.AppTest">
        <test-method signature="testLogin1()[pri:0, instance:com.sdet.AppTest@34a3d150]" started-at="2026-05-30T16:20:12 IST" name="testLogin1" finished-at="2026-05-30T16:20:12 IST" duration-ms="5" status="PASS">
          <reporter-output>
          </reporter-output>
        </test-method> <!-- testLogin1 -->
        <test-method signature="testlogin2()[pri:0, instance:com.sdet.AppTest@34a3d150]" started-at="2026-05-30T16:20:12 IST" name="testlogin2" finished-at="2026-05-30T16:20:12 IST" duration-ms="1" status="PASS">
          <reporter-output>
          </reporter-output>
        </test-method> <!-- testlogin2 -->
      </class> <!-- com.sdet.AppTest -->
      <class name="com.sdet.TC_Login">
        <test-method signature="login_Test()[pri:0, instance:com.sdet.TC_Login@145f66e3]" started-at="2026-05-30T16:20:06 IST" name="login_Test" finished-at="2026-05-30T16:20:12 IST" duration-ms="6740" status="PASS">
          <reporter-output>
          </reporter-output>
        </test-method> <!-- login_Test -->
      </class> <!-- com.sdet.TC_Login -->
    </test> <!-- Test -->
  </suite> <!-- Suite -->
</testng-results>
