<?xml version="1.0" encoding="UTF-8"?>
<!-- Generated by org.testng.reporters.JUnitReportReporter -->
<testsuite hostname="LAPTOP-L7CIVKP3" failures="0" tests="6" name="com.assignments.day21.LoginFunctionality" time="37.197" errors="0" timestamp="2026-05-24T23:01:37 IST" skipped="0">
  <testcase classname="com.assignments.day21.LoginFunctionality" name="validLoginTest" time="6.379"/>
  <testcase classname="com.assignments.day21.LoginFunctionality" name="invalidLoginTest" time="5.649"/>
  <testcase classname="com.assignments.day21.LoginFunctionality" name="emptyFieldsTest" time="6.032"/>
  <testcase classname="com.assignments.day21.LoginFunctionality" name="passwordMaskingTest" time="5.345"/>
  <testcase classname="com.assignments.day21.LoginFunctionality" name="forgotPasswordLinkTest" time="5.714"/>
  <testcase classname="com.assignments.day21.LoginFunctionality" name="multipleFailedAttemptsTest" time="8.078"/>
</testsuite> <!-- com.assignments.day21.LoginFunctionality -->
