<?xml version="1.0" encoding="UTF-8"?>
<!-- Generated by org.testng.reporters.JUnitReportReporter -->
<testsuite hostname="LAPTOP-L7CIVKP3" failures="0" tests="5" name="com.assignments.day21.SearchFunctionalityTest" time="31.134" errors="0" timestamp="2026-05-25T00:12:57 IST" skipped="0">
  <testcase classname="com.assignments.day21.SearchFunctionalityTest" name="validSearchTest" time="5.156"/>
  <testcase classname="com.assignments.day21.SearchFunctionalityTest" name="noResultFoundTest" time="2.779"/>
  <testcase classname="com.assignments.day21.SearchFunctionalityTest" name="specialCHaractersSearchTest" time="5.433"/>
  <testcase classname="com.assignments.day21.SearchFunctionalityTest" name="caseSensitivityTest" time="11.745"/>
  <testcase classname="com.assignments.day21.SearchFunctionalityTest" name="searchWithFiltersTest" time="6.021"/>
</testsuite> <!-- com.assignments.day21.SearchFunctionalityTest -->
