<?xml version="1.0" encoding="UTF-8"?>
<!-- Generated by org.testng.reporters.JUnitReportReporter -->
<testsuite hostname="LAPTOP-L7CIVKP3" failures="0" tests="4" name="com.assignments.SmokeRegressionTest" time="0.011" errors="0" timestamp="2026-05-22T18:35:19 IST" skipped="0">
  <testcase classname="com.assignments.SmokeRegressionTest" name="homePageTest" time="0.001"/>
  <testcase classname="com.assignments.SmokeRegressionTest" name="loginTest" time="0.001"/>
  <testcase classname="com.assignments.SmokeRegressionTest" name="paymentTest" time="0.000"/>
  <testcase classname="com.assignments.SmokeRegressionTest" name="addToCartTest" time="0.009"/>
</testsuite> <!-- com.assignments.SmokeRegressionTest -->
