<?xml version="1.0" encoding="UTF-8"?>
<testng-results ignored="5" total="6" passed="1" failed="0" skipped="0">
  <reporter-output>
  </reporter-output>
  <suite started-at="2026-06-06T15:52:05 IST" name="Default suite" finished-at="2026-06-06T15:52:17 IST" duration-ms="11649">
    <groups>
    </groups>
    <test started-at="2026-06-06T15:52:05 IST" name="Default test" finished-at="2026-06-06T15:52:17 IST" duration-ms="11649">
      <class name="handlingdropdown.SelectDropDown">
        <test-method is-config="true" signature="setUp()[pri:0, instance:handlingdropdown.SelectDropDown@36ebc363]" started-at="2026-06-06T15:52:05 IST" name="setUp" finished-at="2026-06-06T15:52:12 IST" duration-ms="7100" status="PASS">
          <reporter-output>
          </reporter-output>
        </test-method> <!-- setUp -->
        <test-method signature="click()[pri:6, instance:handlingdropdown.SelectDropDown@36ebc363]" started-at="2026-06-06T15:52:12 IST" name="click" finished-at="2026-06-06T15:52:15 IST" duration-ms="2221" status="PASS">
          <reporter-output>
          </reporter-output>
        </test-method> <!-- click -->
        <test-method is-config="true" signature="tearDown()[pri:0, instance:handlingdropdown.SelectDropDown@36ebc363]" started-at="2026-06-06T15:52:15 IST" name="tearDown" finished-at="2026-06-06T15:52:17 IST" duration-ms="2288" status="PASS">
          <reporter-output>
          </reporter-output>
        </test-method> <!-- tearDown -->
      </class> <!-- handlingdropdown.SelectDropDown -->
    </test> <!-- Default test -->
  </suite> <!-- Default suite -->
</testng-results>
