<?xml version="1.0" encoding="UTF-8"?>
<!-- Generated by org.testng.reporters.JUnitXMLReporter -->
<testsuite ignored="5" hostname="LAPTOP-L7CIVKP3" failures="0" tests="1" name="Default test" time="11.649" errors="0" timestamp="2026-06-06T15:52:17 IST">
  <testcase classname="handlingdropdown.SelectDropDown" name="click" time="2.221"/>
  <testcase classname="handlingdropdown.SelectDropDown" name="select_dropDown_byVisibleText" time="0.0">
    <ignored/>
  </testcase> <!-- select_dropDown_byVisibleText -->
  <testcase classname="handlingdropdown.SelectDropDown" name="count_dropdowns" time="0.0">
    <ignored/>
  </testcase> <!-- count_dropdowns -->
  <testcase classname="handlingdropdown.SelectDropDown" name="select_dropDown_bySelectByValue" time="0.0">
    <ignored/>
  </testcase> <!-- select_dropDown_bySelectByValue -->
  <testcase classname="handlingdropdown.SelectDropDown" name="select_dropDown_bySelectByIndex" time="0.0">
    <ignored/>
  </testcase> <!-- select_dropDown_bySelectByIndex -->
  <testcase classname="handlingdropdown.SelectDropDown" name="select_dropDown_bySelectByContainsVisibleText" time="0.0">
    <ignored/>
  </testcase> <!-- select_dropDown_bySelectByContainsVisibleText -->
</testsuite> <!-- Default test -->
