<?xml version="1.0" encoding="UTF-8"?>
<!-- Generated by org.testng.reporters.JUnitXMLReporter -->
<testsuite ignored="0" hostname="LAPTOP-L7CIVKP3" failures="0" tests="3" name="ParallelTestExecution" time="2.07" errors="0" timestamp="2026-05-23T10:17:56 IST">
  <testcase classname="com.sdet.day27.ParallelTest" name="searchTest" time="2.017"/>
  <testcase classname="com.sdet.day27.ParallelTest" name="paymentTest" time="2.017"/>
  <testcase classname="com.sdet.day27.ParallelTest" name="loginTest" time="2.017"/>
</testsuite> <!-- ParallelTestExecution -->
