<?xml version="1.0" encoding="UTF-8"?>
<testng-results ignored="0" total="1" passed="1" failed="0" skipped="0">
  <reporter-output>
  </reporter-output>
  <suite started-at="2026-06-01T23:20:18 IST" name="Default suite" finished-at="2026-06-01T23:20:35 IST" duration-ms="17292">
    <groups>
    </groups>
    <test started-at="2026-06-01T23:20:18 IST" name="Default test" finished-at="2026-06-01T23:20:35 IST" duration-ms="17292">
      <class name="tests.LoginTest">
        <test-method is-config="true" signature="setup()[pri:0, instance:tests.LoginTest@55182842]" started-at="2026-06-01T23:20:18 IST" name="setup" finished-at="2026-06-01T23:20:32 IST" duration-ms="14131" status="PASS">
          <reporter-output>
          </reporter-output>
        </test-method> <!-- setup -->
        <test-method signature="verifyLogin()[pri:0, instance:tests.LoginTest@55182842]" started-at="2026-06-01T23:20:32 IST" name="verifyLogin" finished-at="2026-06-01T23:20:35 IST" duration-ms="2882" status="PASS">
          <reporter-output>
          </reporter-output>
        </test-method> <!-- verifyLogin -->
        <test-method is-config="true" signature="tearDown()[pri:0, instance:tests.LoginTest@55182842]" started-at="2026-06-01T23:20:35 IST" name="tearDown" finished-at="2026-06-01T23:20:35 IST" duration-ms="245" status="PASS">
          <reporter-output>
          </reporter-output>
        </test-method> <!-- tearDown -->
      </class> <!-- tests.LoginTest -->
    </test> <!-- Default test -->
  </suite> <!-- Default suite -->
</testng-results>
