<?xml version="1.0" encoding="UTF-8"?>
<!-- Generated by org.testng.reporters.JUnitXMLReporter -->
<testsuite ignored="0" hostname="LAPTOP-L7CIVKP3" failures="0" tests="14" name="Test" time="10.442" errors="0" timestamp="2026-05-25T17:10:31 IST">
  <testcase classname="rest.UserAPITest" name="getUsers" time="1.935"/>
  <testcase classname="rest.UserAPITest" name="loginUser" time="1.261"/>
  <testcase classname="rest.UserAPITest" name="getAuthenticatedUser" time="1.335"/>
  <testcase classname="rest.UserAPITest" name="getSingleUser" time="0.487"/>
  <testcase classname="rest.UserAPITest" name="searchUsers" time="0.483"/>
  <testcase classname="rest.UserAPITest" name="filterUsers" time="0.479"/>
  <testcase classname="rest.UserAPITest" name="limitAndSKipUsers" time="0.426"/>
  <testcase classname="rest.UserAPITest" name="sortUsers" time="0.497"/>
  <testcase classname="rest.UserAPITest" name="getUsersCartById" time="0.426"/>
  <testcase classname="rest.UserAPITest" name="getUsersPostsById" time="1.216"/>
  <testcase classname="rest.UserAPITest" name="getUsersTodosById" time="0.449"/>
  <testcase classname="rest.UserAPITest" name="addNewUser" time="0.454"/>
  <testcase classname="rest.UserAPITest" name="updateUser" time="0.496"/>
  <testcase classname="rest.UserAPITest" name="deleteUser" time="0.454"/>
</testsuite> <!-- Test -->
