<?xml version="1.0" encoding="UTF-8"?>
<testng-results ignored="0" total="6" passed="6" failed="0" skipped="0">
  <reporter-output>
  </reporter-output>
  <suite started-at="2026-05-25T14:48:18 IST" name="CrossBrowserSuite" finished-at="2026-05-25T14:48:28 IST" duration-ms="10883">
    <groups>
    </groups>
    <test started-at="2026-05-25T14:48:18 IST" name="EdgeTest" finished-at="2026-05-25T14:48:24 IST" duration-ms="6131">
      <class name="com.sdet.day27.CrossBrowserTesting">
        <test-method is-config="true" signature="setup(java.lang.String)[pri:0, instance:com.sdet.day27.CrossBrowserTesting@305b7c14]" started-at="2026-05-25T14:48:18 IST" name="setup" finished-at="2026-05-25T14:48:23 IST" duration-ms="5376" status="PASS">
          <params>
            <param index="0">
              <value>
                <![CDATA[edge]]>
              </value>
            </param>
          </params>
          <reporter-output>
          </reporter-output>
        </test-method> <!-- setup -->
        <test-method signature="verigyLoginPageTitle()[pri:1, instance:com.sdet.day27.CrossBrowserTesting@305b7c14]" started-at="2026-05-25T14:48:23 IST" name="verigyLoginPageTitle" finished-at="2026-05-25T14:48:23 IST" duration-ms="33" status="PASS">
          <reporter-output>
          </reporter-output>
        </test-method> <!-- verigyLoginPageTitle -->
        <test-method signature="loginTest(java.lang.String,java.lang.String)[pri:2, instance:com.sdet.day27.CrossBrowserTesting@305b7c14]" started-at="2026-05-25T14:48:23 IST" name="loginTest" finished-at="2026-05-25T14:48:23 IST" duration-ms="369" status="PASS">
          <params>
            <param index="0">
              <value>
                <![CDATA[standard_user]]>
              </value>
            </param>
            <param index="1">
              <value>
                <![CDATA[secret_sauce]]>
              </value>
            </param>
          </params>
          <reporter-output>
          </reporter-output>
        </test-method> <!-- loginTest -->
        <test-method signature="verifyProductPage()[pri:3, instance:com.sdet.day27.CrossBrowserTesting@305b7c14]" started-at="2026-05-25T14:48:23 IST" name="verifyProductPage" finished-at="2026-05-25T14:48:23 IST" duration-ms="57" status="PASS">
          <reporter-output>
          </reporter-output>
        </test-method> <!-- verifyProductPage -->
        <test-method is-config="true" signature="tearDown()[pri:0, instance:com.sdet.day27.CrossBrowserTesting@305b7c14]" started-at="2026-05-25T14:48:23 IST" name="tearDown" finished-at="2026-05-25T14:48:24 IST" duration-ms="220" status="PASS">
          <reporter-output>
          </reporter-output>
        </test-method> <!-- tearDown -->
      </class> <!-- com.sdet.day27.CrossBrowserTesting -->
    </test> <!-- EdgeTest -->
    <test started-at="2026-05-25T14:48:18 IST" name="ChromeTest" finished-at="2026-05-25T14:48:28 IST" duration-ms="10883">
      <class name="com.sdet.day27.CrossBrowserTesting">
        <test-method is-config="true" signature="setup(java.lang.String)[pri:0, instance:com.sdet.day27.CrossBrowserTesting@179ece50]" started-at="2026-05-25T14:48:18 IST" name="setup" finished-at="2026-05-25T14:48:28 IST" duration-ms="10361" status="PASS">
          <params>
            <param index="0">
              <value>
                <![CDATA[chrome]]>
              </value>
            </param>
          </params>
          <reporter-output>
          </reporter-output>
        </test-method> <!-- setup -->
        <test-method signature="verigyLoginPageTitle()[pri:1, instance:com.sdet.day27.CrossBrowserTesting@179ece50]" started-at="2026-05-25T14:48:28 IST" name="verigyLoginPageTitle" finished-at="2026-05-25T14:48:28 IST" duration-ms="10" status="PASS">
          <reporter-output>
          </reporter-output>
        </test-method> <!-- verigyLoginPageTitle -->
        <test-method signature="loginTest(java.lang.String,java.lang.String)[pri:2, instance:com.sdet.day27.CrossBrowserTesting@179ece50]" started-at="2026-05-25T14:48:28 IST" name="loginTest" finished-at="2026-05-25T14:48:28 IST" duration-ms="253" status="PASS">
          <params>
            <param index="0">
              <value>
                <![CDATA[standard_user]]>
              </value>
            </param>
            <param index="1">
              <value>
                <![CDATA[secret_sauce]]>
              </value>
            </param>
          </params>
          <reporter-output>
          </reporter-output>
        </test-method> <!-- loginTest -->
        <test-method signature="verifyProductPage()[pri:3, instance:com.sdet.day27.CrossBrowserTesting@179ece50]" started-at="2026-05-25T14:48:28 IST" name="verifyProductPage" finished-at="2026-05-25T14:48:28 IST" duration-ms="27" status="PASS">
          <reporter-output>
          </reporter-output>
        </test-method> <!-- verifyProductPage -->
        <test-method is-config="true" signature="tearDown()[pri:0, instance:com.sdet.day27.CrossBrowserTesting@179ece50]" started-at="2026-05-25T14:48:28 IST" name="tearDown" finished-at="2026-05-25T14:48:28 IST" duration-ms="207" status="PASS">
          <reporter-output>
          </reporter-output>
        </test-method> <!-- tearDown -->
      </class> <!-- com.sdet.day27.CrossBrowserTesting -->
    </test> <!-- ChromeTest -->
  </suite> <!-- CrossBrowserSuite -->
</testng-results>
