<?xml version="1.0" encoding="UTF-8"?>
<testng-results ignored="0" total="1" passed="1" failed="0" skipped="0">
  <reporter-output>
  </reporter-output>
  <suite started-at="2026-06-05T15:05:33 IST" name="Default suite" finished-at="2026-06-05T15:05:43 IST" duration-ms="9912">
    <groups>
    </groups>
    <test started-at="2026-06-05T15:05:33 IST" name="Default test" finished-at="2026-06-05T15:05:43 IST" duration-ms="9912">
      <class name="com.sdet.day26.JsonDDT">
        <test-method is-config="true" signature="Setup()[pri:0, instance:com.sdet.day26.JsonDDT@131ef10]" started-at="2026-06-05T15:05:33 IST" name="Setup" finished-at="2026-06-05T15:05:34 IST" duration-ms="1351" status="PASS">
          <reporter-output>
          </reporter-output>
        </test-method> <!-- Setup -->
        <test-method signature="DDTJsonWithGson()[pri:1, instance:com.sdet.day26.JsonDDT@131ef10]" started-at="2026-06-05T15:05:34 IST" name="DDTJsonWithGson" finished-at="2026-06-05T15:05:43 IST" duration-ms="8360" status="PASS">
          <reporter-output>
          </reporter-output>
        </test-method> <!-- DDTJsonWithGson -->
        <test-method is-config="true" signature="tearDown()[pri:0, instance:com.sdet.day26.JsonDDT@131ef10]" started-at="2026-06-05T15:05:43 IST" name="tearDown" finished-at="2026-06-05T15:05:43 IST" duration-ms="168" status="PASS">
          <reporter-output>
          </reporter-output>
        </test-method> <!-- tearDown -->
      </class> <!-- com.sdet.day26.JsonDDT -->
    </test> <!-- Default test -->
  </suite> <!-- Default suite -->
</testng-results>
