<?xml version="1.0" encoding="UTF-8"?>
<!-- Generated by org.testng.reporters.JUnitReportReporter -->
<testsuite hostname="LAPTOP-L7CIVKP3" failures="0" tests="6" name="com.sdet.day27.CrossBrowserTesting" time="0.749" errors="0" timestamp="2026-05-25T14:48:28 IST" skipped="0">
  <testcase classname="com.sdet.day27.CrossBrowserTesting" name="verigyLoginPageTitle" time="0.010"/>
  <testcase classname="com.sdet.day27.CrossBrowserTesting" name="verigyLoginPageTitle" time="0.033"/>
  <testcase classname="com.sdet.day27.CrossBrowserTesting" name="loginTest" time="0.369"/>
  <testcase classname="com.sdet.day27.CrossBrowserTesting" name="loginTest" time="0.253"/>
  <testcase classname="com.sdet.day27.CrossBrowserTesting" name="verifyProductPage" time="0.027"/>
  <testcase classname="com.sdet.day27.CrossBrowserTesting" name="verifyProductPage" time="0.057"/>
</testsuite> <!-- com.sdet.day27.CrossBrowserTesting -->
