<?xml version="1.0" encoding="UTF-8"?>
<!-- Generated by org.testng.reporters.JUnitReportReporter -->
<testsuite hostname="LAPTOP-L7CIVKP3" failures="0" tests="3" name="com.sdet.day27.ParallelTest" time="6.030" errors="0" timestamp="2026-05-23T10:32:28 IST" skipped="0">
  <testcase classname="com.sdet.day27.ParallelTest" name="searchTest" time="2.010"/>
  <testcase classname="com.sdet.day27.ParallelTest" name="paymentTest" time="2.010"/>
  <testcase classname="com.sdet.day27.ParallelTest" name="loginTest" time="2.010"/>
</testsuite> <!-- com.sdet.day27.ParallelTest -->
