<?xml version="1.0" encoding="UTF-8"?>
<!-- Generated by org.testng.reporters.JUnitReportReporter -->
<testsuite hostname="LAPTOP-L7CIVKP3" failures="0" tests="3" name="com.sdet.LoginTest" time="10.260" errors="0" timestamp="2026-05-22T15:51:50 IST" skipped="0">
  <testcase classname="com.sdet.LoginTest" name="verigyLoginPageTitle" time="4.504"/>
  <testcase classname="com.sdet.LoginTest" name="loginTest" time="2.657"/>
  <testcase classname="com.sdet.LoginTest" name="verifyProductPage" time="3.099"/>
</testsuite> <!-- com.sdet.LoginTest -->
