<?xml version="1.0" encoding="UTF-8"?>
<testng-results ignored="0" total="6" passed="6" failed="0" skipped="0">
  <reporter-output>
  </reporter-output>
  <suite started-at="2026-05-31T02:01:00 IST" name="CrossBrowserSuite" finished-at="2026-05-31T02:01:08 IST" duration-ms="8079">
    <groups>
    </groups>
    <test started-at="2026-05-31T02:01:00 IST" name="EdgeTest" finished-at="2026-05-31T02:01:02 IST" duration-ms="2773">
      <class name="com.sdet.day27.CrossBrowserTesting">
        <test-method is-config="true" signature="setup(java.lang.String)[pri:0, instance:com.sdet.day27.CrossBrowserTesting@42a48628]" started-at="2026-05-31T02:01:00 IST" name="setup" finished-at="2026-05-31T02:01:02 IST" duration-ms="2292" status="PASS">
          <params>
            <param index="0">
              <value>
                <![CDATA[edge]]>
              </value>
            </param>
          </params>
          <reporter-output>
          </reporter-output>
        </test-method> <!-- setup -->
        <test-method signature="verigyLoginPageTitle()[pri:1, instance:com.sdet.day27.CrossBrowserTesting@42a48628]" started-at="2026-05-31T02:01:02 IST" name="verigyLoginPageTitle" finished-at="2026-05-31T02:01:02 IST" duration-ms="4" status="PASS">
          <reporter-output>
          </reporter-output>
        </test-method> <!-- verigyLoginPageTitle -->
        <test-method signature="loginTest(java.lang.String,java.lang.String)[pri:2, instance:com.sdet.day27.CrossBrowserTesting@42a48628]" started-at="2026-05-31T02:01:02 IST" name="loginTest" finished-at="2026-05-31T02:01:02 IST" duration-ms="267" status="PASS">
          <params>
            <param index="0">
              <value>
                <![CDATA[standard_user]]>
              </value>
            </param>
            <param index="1">
              <value>
                <![CDATA[secret_sauce]]>
              </value>
            </param>
          </params>
          <reporter-output>
          </reporter-output>
        </test-method> <!-- loginTest -->
        <test-method signature="verifyProductPage()[pri:3, instance:com.sdet.day27.CrossBrowserTesting@42a48628]" started-at="2026-05-31T02:01:02 IST" name="verifyProductPage" finished-at="2026-05-31T02:01:02 IST" duration-ms="26" status="PASS">
          <reporter-output>
          </reporter-output>
        </test-method> <!-- verifyProductPage -->
        <test-method is-config="true" signature="tearDown()[pri:0, instance:com.sdet.day27.CrossBrowserTesting@42a48628]" started-at="2026-05-31T02:01:02 IST" name="tearDown" finished-at="2026-05-31T02:01:02 IST" duration-ms="148" status="PASS">
          <reporter-output>
          </reporter-output>
        </test-method> <!-- tearDown -->
      </class> <!-- com.sdet.day27.CrossBrowserTesting -->
    </test> <!-- EdgeTest -->
    <test started-at="2026-05-31T02:01:00 IST" name="ChromeTest" finished-at="2026-05-31T02:01:08 IST" duration-ms="8079">
      <class name="com.sdet.day27.CrossBrowserTesting">
        <test-method is-config="true" signature="setup(java.lang.String)[pri:0, instance:com.sdet.day27.CrossBrowserTesting@4cc451f2]" started-at="2026-05-31T02:01:00 IST" name="setup" finished-at="2026-05-31T02:01:07 IST" duration-ms="7151" status="PASS">
          <params>
            <param index="0">
              <value>
                <![CDATA[chrome]]>
              </value>
            </param>
          </params>
          <reporter-output>
          </reporter-output>
        </test-method> <!-- setup -->
        <test-method signature="verigyLoginPageTitle()[pri:1, instance:com.sdet.day27.CrossBrowserTesting@4cc451f2]" started-at="2026-05-31T02:01:07 IST" name="verigyLoginPageTitle" finished-at="2026-05-31T02:01:07 IST" duration-ms="548" status="PASS">
          <reporter-output>
          </reporter-output>
        </test-method> <!-- verigyLoginPageTitle -->
        <test-method signature="loginTest(java.lang.String,java.lang.String)[pri:2, instance:com.sdet.day27.CrossBrowserTesting@4cc451f2]" started-at="2026-05-31T02:01:07 IST" name="loginTest" finished-at="2026-05-31T02:01:08 IST" duration-ms="220" status="PASS">
          <params>
            <param index="0">
              <value>
                <![CDATA[standard_user]]>
              </value>
            </param>
            <param index="1">
              <value>
                <![CDATA[secret_sauce]]>
              </value>
            </param>
          </params>
          <reporter-output>
          </reporter-output>
        </test-method> <!-- loginTest -->
        <test-method signature="verifyProductPage()[pri:3, instance:com.sdet.day27.CrossBrowserTesting@4cc451f2]" started-at="2026-05-31T02:01:08 IST" name="verifyProductPage" finished-at="2026-05-31T02:01:08 IST" duration-ms="20" status="PASS">
          <reporter-output>
          </reporter-output>
        </test-method> <!-- verifyProductPage -->
        <test-method is-config="true" signature="tearDown()[pri:0, instance:com.sdet.day27.CrossBrowserTesting@4cc451f2]" started-at="2026-05-31T02:01:08 IST" name="tearDown" finished-at="2026-05-31T02:01:08 IST" duration-ms="128" status="PASS">
          <reporter-output>
          </reporter-output>
        </test-method> <!-- tearDown -->
      </class> <!-- com.sdet.day27.CrossBrowserTesting -->
    </test> <!-- ChromeTest -->
  </suite> <!-- CrossBrowserSuite -->
</testng-results>
