<?xml version="1.0" encoding="UTF-8"?>
<!-- Generated by org.testng.reporters.JUnitReportReporter -->
<testsuite hostname="LAPTOP-L7CIVKP3" failures="0" tests="4" name="runner.TestRunner" time="12.637" errors="0" timestamp="2026-05-30T00:51:31 IST" skipped="0">
  <testcase classname="runner.TestRunner" name="runScenario" time="1.790"/>
  <testcase classname="runner.TestRunner" name="runScenario" time="6.783"/>
  <testcase classname="runner.TestRunner" name="runScenario" time="1.832"/>
  <testcase classname="runner.TestRunner" name="runScenario" time="2.232"/>
</testsuite> <!-- runner.TestRunner -->
