<?xml version="1.0" encoding="UTF-8"?>
<!-- Generated by org.testng.reporters.JUnitReportReporter -->
<testsuite hostname="LAPTOP-L7CIVKP3" failures="0" tests="4" name="runner.TestRunner" time="13.761" errors="0" timestamp="2026-05-31T12:31:05 IST" skipped="0">
  <testcase classname="runner.TestRunner" name="runScenario" time="1.761"/>
  <testcase classname="runner.TestRunner" name="runScenario" time="6.774"/>
  <testcase classname="runner.TestRunner" name="runScenario" time="3.514"/>
  <testcase classname="runner.TestRunner" name="runScenario" time="1.712"/>
</testsuite> <!-- runner.TestRunner -->
