<?xml version="1.0" encoding="UTF-8"?>
<!-- Generated by org.testng.reporters.JUnitReportReporter -->
<testsuite hostname="LAPTOP-L7CIVKP3" failures="0" tests="4" name="runner.TestRunnerForTags" time="0.085" errors="1" timestamp="2026-05-31T12:44:11 IST" skipped="0">
  <testcase classname="runner.TestRunnerForTags" name="runScenario" time="0.002"/>
  <testcase classname="runner.TestRunnerForTags" name="runScenario" time="0.002"/>
  <testcase classname="runner.TestRunnerForTags" name="runScenario" time="0.001"/>
  <testcase classname="runner.TestRunnerForTags" name="runScenario" time="0.080">
    <error message="The step &#039;i am boy&#039; and 2 other step(s) are undefined.
You can implement these steps using the snippet(s) below:

@Given(&quot;i am boy&quot;)
public void i_am_boy() {
    // Write code here that turns the phrase above into concrete actions
    throw new io.cucumber.java.PendingException();
}
@When(&quot;you are gone&quot;)
public void you_are_gone() {
    // Write code here that turns the phrase above into concrete actions
    throw new io.cucumber.java.PendingException();
}
@Then(&quot;she comes&quot;)
public void she_comes() {
    // Write code here that turns the phrase above into concrete actions
    throw new io.cucumber.java.PendingException();
}
" type="io.cucumber.testng.UndefinedStepException">
      <![CDATA[io.cucumber.testng.UndefinedStepException: The step 'i am boy' and 2 other step(s) are undefined.
You can implement these steps using the snippet(s) below:

@Given("i am boy")
public void i_am_boy() {
    // Write code here that turns the phrase above into concrete actions
    throw new io.cucumber.java.PendingException();
}
@When("you are gone")
public void you_are_gone() {
    // Write code here that turns the phrase above into concrete actions
    throw new io.cucumber.java.PendingException();
}
@Then("she comes")
public void she_comes() {
    // Write code here that turns the phrase above into concrete actions
    throw new io.cucumber.java.PendingException();
}

at ✽.i am boy(file:///E:/Wipro%20Trainning/JavaEclipse/Cucumber_BDD/src/test/resources/FeatureWithTags/test1.feature:6)
]]>
    </error>
  </testcase> <!-- runScenario -->
</testsuite> <!-- runner.TestRunnerForTags -->
