<?xml version="1.0" encoding="UTF-8"?>
<!-- Generated by org.testng.reporters.JUnitReportReporter -->
<testsuite hostname="LAPTOP-L7CIVKP3" failures="0" tests="5" name="runners.TestRunner" time="27.909" errors="0" timestamp="2026-05-28T23:16:57 IST" skipped="0">
  <testcase classname="runners.TestRunner" name="runScenario" time="3.297"/>
  <testcase classname="runners.TestRunner" name="runScenario" time="3.818"/>
  <testcase classname="runners.TestRunner" name="runScenario" time="5.328"/>
  <testcase classname="runners.TestRunner" name="runScenario" time="4.508"/>
  <testcase classname="runners.TestRunner" name="runScenario" time="10.958"/>
</testsuite> <!-- runners.TestRunner -->
