<?xml version="1.0" encoding="UTF-8"?>
<!-- Generated by org.testng.reporters.JUnitXMLReporter -->
<testsuite ignored="0" hostname="LAPTOP-L7CIVKP3" failures="1" tests="7" name="Surefire test" time="13.225" errors="0" timestamp="2026-05-31T01:42:28 IST">
  <testcase classname="com.sdet.day27.ParallelTest" name="loginTest" time="2.007"/>
  <testcase classname="com.sdet.day27.ParallelTest" name="paymentTest" time="2.012"/>
  <testcase classname="com.sdet.day27.ParallelTest" name="searchTest" time="2.01"/>
  <testcase classname="com.sdet.day27.ParameterizedTest" name="loginTest" time="0.0">
    <failure type="org.testng.TestNGException" message="
Parameter &amp;apos;username&amp;apos; is required by @Test on method loginTest but has not been marked @Optional or defined
">
      <![CDATA[org.testng.TestNGException: 
Parameter 'username' is required by @Test on method loginTest but has not been marked @Optional or defined

at java.base/java.util.ArrayList.forEach(ArrayList.java:1596)
... Removed 31 stack frames]]>
    </failure>
  </testcase> <!-- loginTest -->
  <testcase classname="com.sdet.LoginTest" name="verigyLoginPageTitle" time="0.541"/>
  <testcase classname="com.sdet.LoginTest" name="loginTest" time="0.208"/>
  <testcase classname="com.sdet.LoginTest" name="verifyProductPage" time="0.21"/>
</testsuite> <!-- Surefire test -->
