<?xml version="1.0" encoding="UTF-8"?>
<testng-results ignored="0" total="2" passed="2" failed="0" skipped="0">
  <reporter-output>
  </reporter-output>
  <suite started-at="2026-05-23T22:00:01 IST" name="CrossBrowser Suite" finished-at="2026-05-23T22:00:05 IST" duration-ms="3537">
    <groups>
    </groups>
    <test started-at="2026-05-23T22:00:01 IST" name="Chrome Test" finished-at="2026-05-23T22:00:05 IST" duration-ms="3430">
      <class name="CrossBrowserTest.BrowserTest">
        <test-method is-config="true" signature="setup(java.lang.String)[pri:0, instance:CrossBrowserTest.BrowserTest@776aec5c]" started-at="2026-05-23T22:00:01 IST" name="setup" finished-at="2026-05-23T22:00:04 IST" duration-ms="2453" status="PASS">
          <params>
            <param index="0">
              <value>
                <![CDATA[Chrome]]>
              </value>
            </param>
          </params>
          <reporter-output>
          </reporter-output>
        </test-method> <!-- setup -->
        <test-method signature="loginTest()[pri:0, instance:CrossBrowserTest.BrowserTest@776aec5c]" started-at="2026-05-23T22:00:04 IST" name="loginTest" finished-at="2026-05-23T22:00:05 IST" duration-ms="684" status="PASS">
          <reporter-output>
          </reporter-output>
        </test-method> <!-- loginTest -->
        <test-method is-config="true" signature="closeBrowser()[pri:0, instance:CrossBrowserTest.BrowserTest@776aec5c]" started-at="2026-05-23T22:00:05 IST" name="closeBrowser" finished-at="2026-05-23T22:00:05 IST" duration-ms="236" status="PASS">
          <reporter-output>
          </reporter-output>
        </test-method> <!-- closeBrowser -->
      </class> <!-- CrossBrowserTest.BrowserTest -->
    </test> <!-- Chrome Test -->
    <test started-at="2026-05-23T22:00:01 IST" name="Edge Test" finished-at="2026-05-23T22:00:05 IST" duration-ms="3537">
      <class name="CrossBrowserTest.BrowserTest">
        <test-method is-config="true" signature="setup(java.lang.String)[pri:0, instance:CrossBrowserTest.BrowserTest@3c9754d8]" started-at="2026-05-23T22:00:01 IST" name="setup" finished-at="2026-05-23T22:00:04 IST" duration-ms="2618" status="PASS">
          <params>
            <param index="0">
              <value>
                <![CDATA[Edge]]>
              </value>
            </param>
          </params>
          <reporter-output>
          </reporter-output>
        </test-method> <!-- setup -->
        <test-method signature="loginTest()[pri:0, instance:CrossBrowserTest.BrowserTest@3c9754d8]" started-at="2026-05-23T22:00:04 IST" name="loginTest" finished-at="2026-05-23T22:00:05 IST" duration-ms="664" status="PASS">
          <reporter-output>
          </reporter-output>
        </test-method> <!-- loginTest -->
        <test-method is-config="true" signature="closeBrowser()[pri:0, instance:CrossBrowserTest.BrowserTest@3c9754d8]" started-at="2026-05-23T22:00:05 IST" name="closeBrowser" finished-at="2026-05-23T22:00:05 IST" duration-ms="241" status="PASS">
          <reporter-output>
          </reporter-output>
        </test-method> <!-- closeBrowser -->
      </class> <!-- CrossBrowserTest.BrowserTest -->
    </test> <!-- Edge Test -->
  </suite> <!-- CrossBrowser Suite -->
</testng-results>
