<?xml version="1.0" encoding="UTF-8"?>
<!-- Generated by org.testng.reporters.JUnitXMLReporter -->
<testsuite ignored="0" hostname="LAPTOP-L7CIVKP3" failures="1" tests="4" name="Default test" time="0.52" errors="0" timestamp="2026-05-31T12:44:11 IST">
  <testcase classname="io.cucumber.testng.AbstractTestNGCucumberTests" name="runScenario" time="0.08">
    <failure type="io.cucumber.testng.UndefinedStepException" message="The step &amp;apos;i am boy&amp;apos; and 2 other step(s) are undefined.
You can implement these steps using the snippet(s) below:

@Given(&amp;quot;i am boy&amp;quot;)
public void i_am_boy() {
    // Write code here that turns the phrase above into concrete actions
    throw new io.cucumber.java.PendingException();
}
@When(&amp;quot;you are gone&amp;quot;)
public void you_are_gone() {
    // Write code here that turns the phrase above into concrete actions
    throw new io.cucumber.java.PendingException();
}
@Then(&amp;quot;she comes&amp;quot;)
public void she_comes() {
    // Write code here that turns the phrase above into concrete actions
    throw new io.cucumber.java.PendingException();
}
">
      <![CDATA[io.cucumber.testng.UndefinedStepException: The step 'i am boy' and 2 other step(s) are undefined.
You can implement these steps using the snippet(s) below:

@Given("i am boy")
public void i_am_boy() {
    // Write code here that turns the phrase above into concrete actions
    throw new io.cucumber.java.PendingException();
}
@When("you are gone")
public void you_are_gone() {
    // Write code here that turns the phrase above into concrete actions
    throw new io.cucumber.java.PendingException();
}
@Then("she comes")
public void she_comes() {
    // Write code here that turns the phrase above into concrete actions
    throw new io.cucumber.java.PendingException();
}

at ✽.i am boy(file:///E:/Wipro%20Trainning/JavaEclipse/Cucumber_BDD/src/test/resources/FeatureWithTags/test1.feature:6)
]]>
    </failure>
  </testcase> <!-- runScenario -->
  <testcase classname="io.cucumber.testng.AbstractTestNGCucumberTests" name="runScenario" time="0.002"/>
  <testcase classname="io.cucumber.testng.AbstractTestNGCucumberTests" name="runScenario" time="0.001"/>
  <testcase classname="io.cucumber.testng.AbstractTestNGCucumberTests" name="runScenario" time="0.002"/>
</testsuite> <!-- Default test -->
